<?xml version="1.0" encoding="UTF-8"?>
<coverage generated="1787320377323" clover="3.2.0">
  <project timestamp="1787320377324" name="All files">
    <metrics statements="75" coveredstatements="67" conditionals="58" coveredconditionals="35" methods="17" coveredmethods="15" elements="150" coveredelements="117" complexity="0" loc="75" ncloc="75" packages="9" files="10" classes="10"/>
    <package name="components.Counter">
      <metrics statements="15" coveredstatements="15" conditionals="20" coveredconditionals="17" methods="4" coveredmethods="4"/>
      <file name="Counter.jsx" path="C:\Users\stgadmin\Desktop\React\demo-testing\src\components\Counter\Counter.jsx">
        <metrics statements="15" coveredstatements="15" conditionals="20" coveredconditionals="17" methods="4" coveredmethods="4"/>
        <line num="3" count="14" type="cond" truecount="2" falsecount="0"/>
        <line num="8" count="14" type="cond" truecount="2" falsecount="0"/>
        <line num="10" count="14" type="stmt"/>
        <line num="12" count="8" type="stmt"/>
        <line num="13" count="14" type="cond" truecount="2" falsecount="0"/>
        <line num="15" count="14" type="stmt"/>
        <line num="17" count="1" type="stmt"/>
        <line num="18" count="14" type="cond" truecount="1" falsecount="1"/>
        <line num="21" count="14" type="stmt"/>
        <line num="22" count="14" type="cond" truecount="4" falsecount="0"/>
        <line num="23" count="5" type="stmt"/>
        <line num="24" count="14" type="cond" truecount="2" falsecount="0"/>
        <line num="25" count="14" type="cond" truecount="2" falsecount="0"/>
        <line num="26" count="14" type="cond" truecount="2" falsecount="2"/>
        <line num="27" count="14" type="stmt"/>
      </file>
    </package>
    <package name="components.Pokemon">
      <metrics statements="11" coveredstatements="10" conditionals="22" coveredconditionals="10" methods="1" coveredmethods="1"/>
      <file name="Pokemon.jsx" path="C:\Users\stgadmin\Desktop\React\demo-testing\src\components\Pokemon\Pokemon.jsx">
        <metrics statements="11" coveredstatements="10" conditionals="22" coveredconditionals="10" methods="1" coveredmethods="1"/>
        <line num="2" count="6" type="cond" truecount="1" falsecount="1"/>
        <line num="4" count="1" type="stmt"/>
        <line num="5" count="1" type="cond" truecount="1" falsecount="1"/>
        <line num="6" count="1" type="cond" truecount="2" falsecount="2"/>
        <line num="7" count="1" type="cond" truecount="1" falsecount="1"/>
        <line num="8" count="1" type="stmt"/>
        <line num="9" count="1" type="stmt"/>
        <line num="11" count="1" type="cond" truecount="1" falsecount="1"/>
        <line num="12" count="0" type="stmt"/>
        <line num="13" count="1" type="cond" truecount="4" falsecount="6"/>
        <line num="14" count="1" type="stmt"/>
      </file>
    </package>
    <package name="components.PokemonRequester">
      <metrics statements="8" coveredstatements="8" conditionals="10" coveredconditionals="5" methods="2" coveredmethods="2"/>
      <file name="PokemonRequester.jsx" path="C:\Users\stgadmin\Desktop\React\demo-testing\src\components\PokemonRequester\PokemonRequester.jsx">
        <metrics statements="8" coveredstatements="8" conditionals="10" coveredconditionals="5" methods="2" coveredmethods="2"/>
        <line num="6" count="4" type="cond" truecount="1" falsecount="1"/>
        <line num="7" count="3" type="cond" truecount="1" falsecount="1"/>
        <line num="10" count="3" type="cond" truecount="1" falsecount="1"/>
        <line num="11" count="3" type="cond" truecount="1" falsecount="1"/>
        <line num="14" count="3" type="stmt"/>
        <line num="18" count="7" type="stmt"/>
        <line num="19" count="7" type="cond" truecount="1" falsecount="1"/>
        <line num="20" count="1" type="stmt"/>
      </file>
    </package>
    <package name="components.Today">
      <metrics statements="3" coveredstatements="3" conditionals="2" coveredconditionals="1" methods="1" coveredmethods="1"/>
      <file name="Today.jsx" path="C:\Users\stgadmin\Desktop\React\demo-testing\src\components\Today\Today.jsx">
        <metrics statements="3" coveredstatements="3" conditionals="2" coveredconditionals="1" methods="1" coveredmethods="1"/>
        <line num="3" count="1" type="cond" truecount="1" falsecount="1"/>
        <line num="4" count="1" type="stmt"/>
        <line num="7" count="1" type="stmt"/>
      </file>
    </package>
    <package name="components.Welcome">
      <metrics statements="2" coveredstatements="2" conditionals="4" coveredconditionals="2" methods="1" coveredmethods="1"/>
      <file name="Welcome.jsx" path="C:\Users\stgadmin\Desktop\React\demo-testing\src\components\Welcome\Welcome.jsx">
        <metrics statements="2" coveredstatements="2" conditionals="4" coveredconditionals="2" methods="1" coveredmethods="1"/>
        <line num="3" count="3" type="cond" truecount="2" falsecount="2"/>
        <line num="6" count="3" type="stmt"/>
      </file>
      <file name="Welcome.module.css" path="C:\Users\stgadmin\Desktop\React\demo-testing\src\components\Welcome\Welcome.module.css">
        <metrics statements="0" coveredstatements="0" conditionals="0" coveredconditionals="0" methods="0" coveredmethods="0"/>
      </file>
    </package>
    <package name="data">
      <metrics statements="21" coveredstatements="21" conditionals="0" coveredconditionals="0" methods="0" coveredmethods="0"/>
      <file name="pokemon-result.json" path="C:\Users\stgadmin\Desktop\React\demo-testing\src\data\pokemon-result.json">
        <metrics statements="21" coveredstatements="21" conditionals="0" coveredconditionals="0" methods="0" coveredmethods="0"/>
        <line num="1" count="4" type="stmt"/>
        <line num="2" count="4" type="stmt"/>
        <line num="3" count="4" type="stmt"/>
        <line num="4" count="4" type="stmt"/>
        <line num="5" count="4" type="stmt"/>
        <line num="6" count="4" type="stmt"/>
        <line num="7" count="4" type="stmt"/>
        <line num="8" count="4" type="stmt"/>
        <line num="9" count="4" type="stmt"/>
        <line num="10" count="4" type="stmt"/>
        <line num="11" count="4" type="stmt"/>
        <line num="12" count="4" type="stmt"/>
        <line num="13" count="4" type="stmt"/>
        <line num="14" count="4" type="stmt"/>
        <line num="15" count="4" type="stmt"/>
        <line num="16" count="4" type="stmt"/>
        <line num="17" count="4" type="stmt"/>
        <line num="18" count="4" type="stmt"/>
        <line num="19" count="4" type="stmt"/>
        <line num="20" count="4" type="stmt"/>
        <line num="21" count="4" type="stmt"/>
      </file>
    </package>
    <package name="mocks">
      <metrics statements="3" coveredstatements="3" conditionals="0" coveredconditionals="0" methods="2" coveredmethods="2"/>
      <file name="pokemon.handlers.js" path="C:\Users\stgadmin\Desktop\React\demo-testing\src\mocks\pokemon.handlers.js">
        <metrics statements="3" coveredstatements="3" conditionals="0" coveredconditionals="0" methods="2" coveredmethods="2"/>
        <line num="4" count="4" type="stmt"/>
        <line num="7" count="2" type="stmt"/>
        <line num="11" count="1" type="stmt"/>
      </file>
    </package>
    <package name="services">
      <metrics statements="5" coveredstatements="5" conditionals="0" coveredconditionals="0" methods="4" coveredmethods="4"/>
      <file name="pokemon.service.js" path="C:\Users\stgadmin\Desktop\React\demo-testing\src\services\pokemon.service.js">
        <metrics statements="5" coveredstatements="5" conditionals="0" coveredconditionals="0" methods="4" coveredmethods="4"/>
        <line num="3" count="3" type="stmt"/>
        <line num="4" count="3" type="stmt"/>
        <line num="7" count="3" type="stmt"/>
        <line num="9" count="2" type="stmt"/>
        <line num="10" count="12" type="stmt"/>
      </file>
    </package>
    <package name="tools">
      <metrics statements="7" coveredstatements="0" conditionals="0" coveredconditionals="0" methods="2" coveredmethods="0"/>
      <file name="date.tool.js" path="C:\Users\stgadmin\Desktop\React\demo-testing\src\tools\date.tool.js">
        <metrics statements="7" coveredstatements="0" conditionals="0" coveredconditionals="0" methods="2" coveredmethods="0"/>
        <line num="3" count="0" type="stmt"/>
        <line num="4" count="0" type="stmt"/>
        <line num="5" count="0" type="stmt"/>
        <line num="6" count="0" type="stmt"/>
        <line num="7" count="0" type="stmt"/>
        <line num="8" count="0" type="stmt"/>
        <line num="13" count="0" type="stmt"/>
      </file>
    </package>
  </project>
</coverage>
