{"C:\\Users\\stgadmin\\Desktop\\React\\demo-testing\\src\\components\\Counter\\Counter.jsx": {"path":"C:\\Users\\stgadmin\\Desktop\\React\\demo-testing\\src\\components\\Counter\\Counter.jsx","statementMap":{"0":{"start":{"line":3,"column":15},"end":{"line":3,"column":32}},"1":{"start":{"line":3,"column":32},"end":{"line":3,"column":34}},"2":{"start":{"line":3,"column":34},"end":{"line":3,"column":null}},"3":{"start":{"line":8,"column":30},"end":{"line":8,"column":42}},"4":{"start":{"line":8,"column":42},"end":{"line":13,"column":6}},"5":{"start":{"line":10,"column":23},"end":{"line":12,"column":null}},"6":{"start":{"line":12,"column":8},"end":{"line":12,"column":39}},"7":{"start":{"line":12,"column":26},"end":{"line":12,"column":38}},"8":{"start":{"line":13,"column":5},"end":{"line":13,"column":6}},"9":{"start":{"line":10,"column":23},"end":{"line":10,"column":null}},"10":{"start":{"line":13,"column":6},"end":{"line":18,"column":null}},"11":{"start":{"line":15,"column":24},"end":{"line":17,"column":null}},"12":{"start":{"line":17,"column":8},"end":{"line":17,"column":19}},"13":{"start":{"line":18,"column":5},"end":{"line":18,"column":null}},"14":{"start":{"line":15,"column":24},"end":{"line":15,"column":null}},"15":{"start":{"line":18,"column":5},"end":{"line":22,"column":null}},"16":{"start":{"line":22,"column":12},"end":{"line":22,"column":null}},"17":{"start":{"line":22,"column":26},"end":{"line":22,"column":null}},"18":{"start":{"line":22,"column":26},"end":{"line":24,"column":null}},"19":{"start":{"line":24,"column":16},"end":{"line":24,"column":null}},"20":{"start":{"line":24,"column":62},"end":{"line":24,"column":null}},"21":{"start":{"line":24,"column":62},"end":{"line":25,"column":null}},"22":{"start":{"line":25,"column":16},"end":{"line":25,"column":null}},"23":{"start":{"line":25,"column":60},"end":{"line":25,"column":null}},"24":{"start":{"line":25,"column":60},"end":{"line":26,"column":null}},"25":{"start":{"line":23,"column":12},"end":{"line":26,"column":null}},"26":{"start":{"line":26,"column":18},"end":{"line":26,"column":null}},"27":{"start":{"line":26,"column":18},"end":{"line":27,"column":null}},"28":{"start":{"line":21,"column":8},"end":{"line":26,"column":null}},"29":{"start":{"line":27,"column":11},"end":{"line":27,"column":null}},"30":{"start":{"line":27,"column":11},"end":{"line":21,"column":null}}},"fnMap":{"0":{"name":"Counter","decl":{"start":{"line":3,"column":15},"end":{"line":3,"column":32}},"loc":{"start":{"line":3,"column":15},"end":{"line":27,"column":null}},"line":3},"1":{"name":"(anonymous_1)","decl":{"start":{"line":10,"column":23},"end":{"line":10,"column":null}},"loc":{"start":{"line":10,"column":23},"end":{"line":12,"column":null}},"line":10},"2":{"name":"(anonymous_2)","decl":{"start":{"line":12,"column":8},"end":{"line":12,"column":17}},"loc":{"start":{"line":12,"column":26},"end":{"line":12,"column":38}},"line":12},"3":{"name":"(anonymous_3)","decl":{"start":{"line":15,"column":24},"end":{"line":15,"column":null}},"loc":{"start":{"line":15,"column":24},"end":{"line":17,"column":null}},"line":15}},"branchMap":{"0":{"loc":{"start":{"line":3,"column":34},"end":{"line":3,"column":null}},"type":"cond-expr","locations":[{"start":{"line":3,"column":34},"end":{"line":3,"column":null}},{"start":{"line":3,"column":34},"end":{"line":3,"column":null}}],"line":3},"1":{"loc":{"start":{"line":8,"column":42},"end":{"line":13,"column":6}},"type":"if","locations":[{"start":{"line":8,"column":42},"end":{"line":13,"column":6}},{"start":{"line":13,"column":5},"end":{"line":13,"column":6}}],"line":8},"2":{"loc":{"start":{"line":13,"column":6},"end":{"line":18,"column":null}},"type":"if","locations":[{"start":{"line":13,"column":6},"end":{"line":18,"column":null}},{"start":{"line":18,"column":5},"end":{"line":18,"column":null}}],"line":13},"3":{"loc":{"start":{"line":18,"column":5},"end":{"line":22,"column":null}},"type":"if","locations":[{"start":{"line":18,"column":5},"end":{"line":22,"column":null}},{"start":{"line":22,"column":26},"end":{"line":22,"column":null}}],"line":18},"4":{"loc":{"start":{"line":22,"column":26},"end":{"line":24,"column":null}},"type":"if","locations":[{"start":{"line":22,"column":26},"end":{"line":24,"column":null}},{"start":{"line":24,"column":62},"end":{"line":24,"column":null}}],"line":22},"5":{"loc":{"start":{"line":22,"column":26},"end":{"line":22,"column":null}},"type":"binary-expr","locations":[{"start":{"line":22,"column":26},"end":{"line":22,"column":null}},{"start":{"line":22,"column":26},"end":{"line":22,"column":null}}],"line":22},"6":{"loc":{"start":{"line":24,"column":62},"end":{"line":25,"column":null}},"type":"if","locations":[{"start":{"line":24,"column":62},"end":{"line":25,"column":null}},{"start":{"line":25,"column":60},"end":{"line":25,"column":null}}],"line":24},"7":{"loc":{"start":{"line":25,"column":60},"end":{"line":26,"column":null}},"type":"if","locations":[{"start":{"line":25,"column":60},"end":{"line":26,"column":null}},{"start":{"line":26,"column":18},"end":{"line":26,"column":null}}],"line":25},"8":{"loc":{"start":{"line":26,"column":18},"end":{"line":27,"column":null}},"type":"if","locations":[{"start":{"line":26,"column":18},"end":{"line":27,"column":null}},{"start":{"line":27,"column":11},"end":{"line":27,"column":null}}],"line":26},"9":{"loc":{"start":{"line":26,"column":18},"end":{"line":26,"column":null}},"type":"binary-expr","locations":[{"start":{"line":26,"column":18},"end":{"line":26,"column":null}},{"start":{"line":26,"column":18},"end":{"line":26,"column":null}}],"line":26}},"s":{"0":14,"1":14,"2":14,"3":14,"4":14,"5":5,"6":8,"7":8,"8":9,"9":14,"10":14,"11":5,"12":1,"13":9,"14":14,"15":14,"16":14,"17":0,"18":14,"19":5,"20":9,"21":14,"22":5,"23":9,"24":14,"25":5,"26":9,"27":14,"28":14,"29":0,"30":14},"f":{"0":14,"1":8,"2":8,"3":1},"b":{"0":[12,2],"1":[5,9],"2":[5,9],"3":[14,0],"4":[5,9],"5":[14,9],"6":[5,9],"7":[5,9],"8":[14,0],"9":[14,0]},"meta":{"lastBranch":10,"lastFunction":4,"lastStatement":31,"seen":{"f:3:15:3:32":0,"s:3:15:3:32":0,"s:3:32:3:34":1,"s:3:34:3:Infinity":2,"b:3:34:3:Infinity:3:34:3:Infinity":0,"s:8:30:8:42":3,"b:8:42:13:6:13:5:13:6":1,"s:8:42:13:6":4,"s:10:23:12:Infinity":5,"f:10:23:10:Infinity":1,"s:12:8:12:39":6,"f:12:8:12:17":2,"s:12:26:12:38":7,"s:13:5:13:6":8,"s:10:23:10:Infinity":9,"b:13:6:18:Infinity:18:5:18:Infinity":2,"s:13:6:18:Infinity":10,"s:15:24:17:Infinity":11,"f:15:24:15:Infinity":3,"s:17:8:17:19":12,"s:18:5:18:Infinity":13,"s:15:24:15:Infinity":14,"b:18:5:22:Infinity:22:26:22:Infinity":3,"s:18:5:22:Infinity":15,"s:22:12:22:Infinity":16,"s:22:26:22:Infinity":17,"b:22:26:24:Infinity:24:62:24:Infinity":4,"s:22:26:24:Infinity":18,"b:22:26:22:Infinity:22:26:22:Infinity":5,"s:24:16:24:Infinity":19,"s:24:62:24:Infinity":20,"b:24:62:25:Infinity:25:60:25:Infinity":6,"s:24:62:25:Infinity":21,"s:25:16:25:Infinity":22,"s:25:60:25:Infinity":23,"b:25:60:26:Infinity:26:18:26:Infinity":7,"s:25:60:26:Infinity":24,"s:23:12:26:Infinity":25,"s:26:18:26:Infinity":26,"b:26:18:27:Infinity:27:11:27:Infinity":8,"s:26:18:27:Infinity":27,"b:26:18:26:Infinity:26:18:26:Infinity":9,"s:21:8:26:Infinity":28,"s:27:11:27:Infinity":29,"s:27:11:21:Infinity":30},"fnNames":{}}}
,"C:\\Users\\stgadmin\\Desktop\\React\\demo-testing\\src\\components\\Pokemon\\Pokemon.jsx": {"path":"C:\\Users\\stgadmin\\Desktop\\React\\demo-testing\\src\\components\\Pokemon\\Pokemon.jsx","statementMap":{"0":{"start":{"line":2,"column":15},"end":{"line":2,"column":32}},"1":{"start":{"line":2,"column":32},"end":{"line":2,"column":40}},"2":{"start":{"line":2,"column":40},"end":{"line":5,"column":null}},"3":{"start":{"line":5,"column":12},"end":{"line":5,"column":null}},"4":{"start":{"line":5,"column":47},"end":{"line":5,"column":null}},"5":{"start":{"line":5,"column":47},"end":{"line":6,"column":61}},"6":{"start":{"line":6,"column":34},"end":{"line":6,"column":56}},"7":{"start":{"line":6,"column":56},"end":{"line":6,"column":61}},"8":{"start":{"line":6,"column":56},"end":{"line":6,"column":null}},"9":{"start":{"line":6,"column":12},"end":{"line":6,"column":null}},"10":{"start":{"line":6,"column":61},"end":{"line":6,"column":null}},"11":{"start":{"line":6,"column":61},"end":{"line":7,"column":null}},"12":{"start":{"line":7,"column":12},"end":{"line":7,"column":null}},"13":{"start":{"line":7,"column":33},"end":{"line":7,"column":null}},"14":{"start":{"line":7,"column":33},"end":{"line":11,"column":null}},"15":{"start":{"line":9,"column":17},"end":{"line":11,"column":18}},"16":{"start":{"line":11,"column":18},"end":{"line":11,"column":null}},"17":{"start":{"line":11,"column":18},"end":{"line":12,"column":null}},"18":{"start":{"line":8,"column":12},"end":{"line":12,"column":null}},"19":{"start":{"line":12,"column":17},"end":{"line":12,"column":null}},"20":{"start":{"line":13,"column":41},"end":{"line":13,"column":64}},"21":{"start":{"line":13,"column":64},"end":{"line":13,"column":null}},"22":{"start":{"line":13,"column":12},"end":{"line":13,"column":68}},"23":{"start":{"line":13,"column":68},"end":{"line":13,"column":null}},"24":{"start":{"line":13,"column":68},"end":{"line":14,"column":null}},"25":{"start":{"line":4,"column":8},"end":{"line":14,"column":null}},"26":{"start":{"line":14,"column":14},"end":{"line":14,"column":null}},"27":{"start":{"line":14,"column":14},"end":{"line":4,"column":null}},"28":{"start":{"line":2,"column":15},"end":{"line":10,"column":null}}},"fnMap":{"0":{"name":"Pokemon","decl":{"start":{"line":2,"column":15},"end":{"line":2,"column":32}},"loc":{"start":{"line":2,"column":15},"end":{"line":14,"column":null}},"line":2}},"branchMap":{"0":{"loc":{"start":{"line":2,"column":40},"end":{"line":5,"column":null}},"type":"if","locations":[{"start":{"line":2,"column":40},"end":{"line":5,"column":null}},{"start":{"line":5,"column":47},"end":{"line":5,"column":null}}],"line":2},"1":{"loc":{"start":{"line":5,"column":47},"end":{"line":6,"column":61}},"type":"if","locations":[{"start":{"line":5,"column":47},"end":{"line":6,"column":61}},{"start":{"line":6,"column":56},"end":{"line":6,"column":61}}],"line":5},"2":{"loc":{"start":{"line":6,"column":56},"end":{"line":6,"column":null}},"type":"if","locations":[{"start":{"line":6,"column":56},"end":{"line":6,"column":null}},{"start":{"line":6,"column":61},"end":{"line":6,"column":null}}],"line":6},"3":{"loc":{"start":{"line":6,"column":61},"end":{"line":7,"column":null}},"type":"if","locations":[{"start":{"line":6,"column":61},"end":{"line":7,"column":null}},{"start":{"line":7,"column":33},"end":{"line":7,"column":null}}],"line":6},"4":{"loc":{"start":{"line":7,"column":33},"end":{"line":11,"column":null}},"type":"if","locations":[{"start":{"line":7,"column":33},"end":{"line":11,"column":null}},{"start":{"line":11,"column":18},"end":{"line":11,"column":null}}],"line":7},"5":{"loc":{"start":{"line":11,"column":18},"end":{"line":12,"column":null}},"type":"if","locations":[{"start":{"line":11,"column":18},"end":{"line":12,"column":null}},{"start":{"line":12,"column":17},"end":{"line":12,"column":null}}],"line":11},"6":{"loc":{"start":{"line":13,"column":64},"end":{"line":13,"column":null}},"type":"if","locations":[{"start":{"line":13,"column":64},"end":{"line":13,"column":null}},{"start":{"line":13,"column":68},"end":{"line":13,"column":null}}],"line":13},"7":{"loc":{"start":{"line":13,"column":64},"end":{"line":13,"column":68}},"type":"binary-expr","locations":[{"start":{"line":13,"column":64},"end":{"line":13,"column":68}},{"start":{"line":13,"column":64},"end":{"line":13,"column":68}}],"line":13},"8":{"loc":{"start":{"line":13,"column":68},"end":{"line":14,"column":null}},"type":"if","locations":[{"start":{"line":13,"column":68},"end":{"line":14,"column":null}},{"start":{"line":14,"column":14},"end":{"line":14,"column":null}}],"line":13},"9":{"loc":{"start":{"line":13,"column":68},"end":{"line":13,"column":null}},"type":"binary-expr","locations":[{"start":{"line":13,"column":68},"end":{"line":13,"column":null}},{"start":{"line":13,"column":68},"end":{"line":13,"column":null}},{"start":{"line":13,"column":68},"end":{"line":13,"column":null}},{"start":{"line":13,"column":68},"end":{"line":13,"column":null}}],"line":13}},"s":{"0":1,"1":1,"2":1,"3":1,"4":0,"5":1,"6":1,"7":0,"8":1,"9":1,"10":0,"11":1,"12":1,"13":0,"14":1,"15":1,"16":0,"17":1,"18":1,"19":0,"20":1,"21":1,"22":1,"23":0,"24":1,"25":1,"26":0,"27":1,"28":6},"f":{"0":7},"b":{"0":[1,0],"1":[1,0],"2":[1,0],"3":[1,0],"4":[1,0],"5":[1,0],"6":[1,0],"7":[1,0],"8":[1,0],"9":[1,0,0,0]},"meta":{"lastBranch":10,"lastFunction":1,"lastStatement":29,"seen":{"f:2:15:2:32":0,"s:2:15:2:32":0,"s:2:32:2:40":1,"b:2:40:5:Infinity:5:47:5:Infinity":0,"s:2:40:5:Infinity":2,"s:5:12:5:Infinity":3,"s:5:47:5:Infinity":4,"b:5:47:6:61:6:56:6:61":1,"s:5:47:6:61":5,"s:6:34:6:56":6,"s:6:56:6:61":7,"b:6:56:6:Infinity:6:61:6:Infinity":2,"s:6:56:6:Infinity":8,"s:6:12:6:Infinity":9,"s:6:61:6:Infinity":10,"b:6:61:7:Infinity:7:33:7:Infinity":3,"s:6:61:7:Infinity":11,"s:7:12:7:Infinity":12,"s:7:33:7:Infinity":13,"b:7:33:11:Infinity:11:18:11:Infinity":4,"s:7:33:11:Infinity":14,"s:9:17:11:18":15,"s:11:18:11:Infinity":16,"b:11:18:12:Infinity:12:17:12:Infinity":5,"s:11:18:12:Infinity":17,"s:8:12:12:Infinity":18,"s:12:17:12:Infinity":19,"s:13:41:13:64":20,"b:13:64:13:Infinity:13:68:13:Infinity":6,"s:13:64:13:Infinity":21,"b:13:64:13:68:13:64:13:68":7,"s:13:12:13:68":22,"s:13:68:13:Infinity":23,"b:13:68:14:Infinity:14:14:14:Infinity":8,"s:13:68:14:Infinity":24,"b:13:68:13:Infinity:13:68:13:Infinity:13:68:13:Infinity:13:68:13:Infinity":9,"s:4:8:14:Infinity":25,"s:14:14:14:Infinity":26,"s:14:14:4:Infinity":27,"s:2:15:10:Infinity":28},"fnNames":{}}}
,"C:\\Users\\stgadmin\\Desktop\\React\\demo-testing\\src\\components\\PokemonRequester\\PokemonRequester.jsx": {"path":"C:\\Users\\stgadmin\\Desktop\\React\\demo-testing\\src\\components\\PokemonRequester\\PokemonRequester.jsx","statementMap":{"0":{"start":{"line":6,"column":15},"end":{"line":6,"column":41}},"1":{"start":{"line":6,"column":41},"end":{"line":6,"column":45}},"2":{"start":{"line":6,"column":45},"end":{"line":7,"column":44}},"3":{"start":{"line":7,"column":27},"end":{"line":7,"column":43}},"4":{"start":{"line":7,"column":43},"end":{"line":7,"column":44}},"5":{"start":{"line":7,"column":27},"end":{"line":7,"column":40}},"6":{"start":{"line":7,"column":44},"end":{"line":10,"column":null}},"7":{"start":{"line":10,"column":33},"end":{"line":10,"column":null}},"8":{"start":{"line":10,"column":66},"end":{"line":10,"column":null}},"9":{"start":{"line":10,"column":66},"end":{"line":11,"column":null}},"10":{"start":{"line":11,"column":32},"end":{"line":11,"column":null}},"11":{"start":{"line":11,"column":58},"end":{"line":11,"column":null}},"12":{"start":{"line":11,"column":58},"end":{"line":14,"column":null}},"13":{"start":{"line":10,"column":8},"end":{"line":10,"column":33}},"14":{"start":{"line":14,"column":24},"end":{"line":14,"column":null}},"15":{"start":{"line":14,"column":24},"end":{"line":10,"column":9}},"16":{"start":{"line":18,"column":0},"end":{"line":18,"column":31}},"17":{"start":{"line":18,"column":31},"end":{"line":18,"column":null}},"18":{"start":{"line":19,"column":20},"end":{"line":19,"column":33}},"19":{"start":{"line":19,"column":33},"end":{"line":20,"column":null}},"20":{"start":{"line":20,"column":11},"end":{"line":20,"column":37}},"21":{"start":{"line":20,"column":37},"end":{"line":20,"column":null}},"22":{"start":{"line":20,"column":37},"end":{"line":20,"column":12}}},"fnMap":{"0":{"name":"PokemonRequester","decl":{"start":{"line":6,"column":15},"end":{"line":6,"column":41}},"loc":{"start":{"line":6,"column":15},"end":{"line":14,"column":null}},"line":6},"1":{"name":"PokemonRequesterInner","decl":{"start":{"line":18,"column":0},"end":{"line":18,"column":31}},"loc":{"start":{"line":18,"column":0},"end":{"line":20,"column":null}},"line":18}},"branchMap":{"0":{"loc":{"start":{"line":6,"column":45},"end":{"line":7,"column":44}},"type":"if","locations":[{"start":{"line":6,"column":45},"end":{"line":7,"column":44}},{"start":{"line":7,"column":43},"end":{"line":7,"column":44}}],"line":6},"1":{"loc":{"start":{"line":7,"column":44},"end":{"line":10,"column":null}},"type":"if","locations":[{"start":{"line":7,"column":44},"end":{"line":10,"column":null}},{"start":{"line":10,"column":66},"end":{"line":10,"column":null}}],"line":7},"2":{"loc":{"start":{"line":10,"column":66},"end":{"line":11,"column":null}},"type":"if","locations":[{"start":{"line":10,"column":66},"end":{"line":11,"column":null}},{"start":{"line":11,"column":58},"end":{"line":11,"column":null}}],"line":10},"3":{"loc":{"start":{"line":11,"column":58},"end":{"line":14,"column":null}},"type":"if","locations":[{"start":{"line":11,"column":58},"end":{"line":14,"column":null}},{"start":{"line":14,"column":24},"end":{"line":14,"column":null}}],"line":11},"4":{"loc":{"start":{"line":19,"column":33},"end":{"line":20,"column":null}},"type":"if","locations":[{"start":{"line":19,"column":33},"end":{"line":20,"column":null}},{"start":{"line":20,"column":37},"end":{"line":20,"column":null}}],"line":19}},"s":{"0":4,"1":4,"2":4,"3":3,"4":0,"5":3,"6":3,"7":3,"8":0,"9":3,"10":3,"11":0,"12":3,"13":3,"14":0,"15":3,"16":7,"17":7,"18":7,"19":7,"20":1,"21":0,"22":1},"f":{"0":4,"1":7},"b":{"0":[3,0],"1":[3,0],"2":[3,0],"3":[3,0],"4":[1,0]},"meta":{"lastBranch":5,"lastFunction":2,"lastStatement":23,"seen":{"f:6:15:6:41":0,"s:6:15:6:41":0,"s:6:41:6:45":1,"b:6:45:7:44:7:43:7:44":0,"s:6:45:7:44":2,"s:7:27:7:43":3,"s:7:43:7:44":4,"s:7:27:7:40":5,"b:7:44:10:Infinity:10:66:10:Infinity":1,"s:7:44:10:Infinity":6,"s:10:33:10:Infinity":7,"s:10:66:10:Infinity":8,"b:10:66:11:Infinity:11:58:11:Infinity":2,"s:10:66:11:Infinity":9,"s:11:32:11:Infinity":10,"s:11:58:11:Infinity":11,"b:11:58:14:Infinity:14:24:14:Infinity":3,"s:11:58:14:Infinity":12,"s:10:8:10:33":13,"s:14:24:14:Infinity":14,"s:14:24:10:9":15,"f:18:0:18:31":1,"s:18:0:18:31":16,"s:18:31:18:Infinity":17,"s:19:20:19:33":18,"b:19:33:20:Infinity:20:37:20:Infinity":4,"s:19:33:20:Infinity":19,"s:20:11:20:37":20,"s:20:37:20:Infinity":21,"s:20:37:20:12":22},"fnNames":{}}}
,"C:\\Users\\stgadmin\\Desktop\\React\\demo-testing\\src\\components\\Today\\Today.jsx": {"path":"C:\\Users\\stgadmin\\Desktop\\React\\demo-testing\\src\\components\\Today\\Today.jsx","statementMap":{"0":{"start":{"line":3,"column":15},"end":{"line":3,"column":null}},"1":{"start":{"line":3,"column":15},"end":{"line":7,"column":null}},"2":{"start":{"line":4,"column":18},"end":{"line":4,"column":27}},"3":{"start":{"line":7,"column":8},"end":{"line":7,"column":null}},"4":{"start":{"line":7,"column":99},"end":{"line":7,"column":null}},"5":{"start":{"line":7,"column":99},"end":{"line":7,"column":11}}},"fnMap":{"0":{"name":"Today","decl":{"start":{"line":3,"column":15},"end":{"line":3,"column":null}},"loc":{"start":{"line":3,"column":15},"end":{"line":7,"column":null}},"line":3}},"branchMap":{"0":{"loc":{"start":{"line":3,"column":15},"end":{"line":7,"column":null}},"type":"if","locations":[{"start":{"line":3,"column":15},"end":{"line":7,"column":null}},{"start":{"line":7,"column":99},"end":{"line":7,"column":null}}],"line":3}},"s":{"0":1,"1":1,"2":1,"3":1,"4":0,"5":1},"f":{"0":1},"b":{"0":[1,0]},"meta":{"lastBranch":1,"lastFunction":1,"lastStatement":6,"seen":{"f:3:15:3:Infinity":0,"s:3:15:3:Infinity":0,"b:3:15:7:Infinity:7:99:7:Infinity":0,"s:3:15:7:Infinity":1,"s:4:18:4:27":2,"s:7:8:7:Infinity":3,"s:7:99:7:Infinity":4,"s:7:99:7:11":5},"fnNames":{}}}
,"C:\\Users\\stgadmin\\Desktop\\React\\demo-testing\\src\\components\\Welcome\\Welcome.jsx": {"path":"C:\\Users\\stgadmin\\Desktop\\React\\demo-testing\\src\\components\\Welcome\\Welcome.jsx","statementMap":{"0":{"start":{"line":3,"column":15},"end":{"line":3,"column":32}},"1":{"start":{"line":3,"column":32},"end":{"line":3,"column":55}},"2":{"start":{"line":3,"column":55},"end":{"line":6,"column":null}},"3":{"start":{"line":6,"column":8},"end":{"line":6,"column":null}},"4":{"start":{"line":6,"column":77},"end":{"line":6,"column":null}},"5":{"start":{"line":6,"column":77},"end":{"line":6,"column":23}}},"fnMap":{"0":{"name":"Welcome","decl":{"start":{"line":3,"column":15},"end":{"line":3,"column":32}},"loc":{"start":{"line":3,"column":15},"end":{"line":6,"column":null}},"line":3}},"branchMap":{"0":{"loc":{"start":{"line":3,"column":55},"end":{"line":6,"column":null}},"type":"if","locations":[{"start":{"line":3,"column":55},"end":{"line":6,"column":null}},{"start":{"line":6,"column":77},"end":{"line":6,"column":null}}],"line":3},"1":{"loc":{"start":{"line":3,"column":55},"end":{"line":3,"column":null}},"type":"binary-expr","locations":[{"start":{"line":3,"column":55},"end":{"line":3,"column":null}},{"start":{"line":3,"column":55},"end":{"line":3,"column":null}}],"line":3}},"s":{"0":3,"1":3,"2":3,"3":3,"4":0,"5":3},"f":{"0":3},"b":{"0":[3,0],"1":[3,0]},"meta":{"lastBranch":2,"lastFunction":1,"lastStatement":6,"seen":{"f:3:15:3:32":0,"s:3:15:3:32":0,"s:3:32:3:55":1,"b:3:55:6:Infinity:6:77:6:Infinity":0,"s:3:55:6:Infinity":2,"b:3:55:3:Infinity:3:55:3:Infinity":1,"s:6:8:6:Infinity":3,"s:6:77:6:Infinity":4,"s:6:77:6:23":5},"fnNames":{}}}
,"C:\\Users\\stgadmin\\Desktop\\React\\demo-testing\\src\\components\\Welcome\\Welcome.module.css": {"path":"C:\\Users\\stgadmin\\Desktop\\React\\demo-testing\\src\\components\\Welcome\\Welcome.module.css","statementMap":{},"fnMap":{},"branchMap":{},"s":{},"f":{},"b":{},"meta":{"lastBranch":0,"lastFunction":0,"lastStatement":0,"seen":{},"fnNames":{}}}
,"C:\\Users\\stgadmin\\Desktop\\React\\demo-testing\\src\\data\\pokemon-result.json": {"path":"C:\\Users\\stgadmin\\Desktop\\React\\demo-testing\\src\\data\\pokemon-result.json","statementMap":{"0":{"start":{"line":1,"column":25},"end":{"line":1,"column":27}},"1":{"start":{"line":2,"column":31},"end":{"line":2,"column":33}},"2":{"start":{"line":3,"column":21},"end":{"line":3,"column":208}},"3":{"start":{"line":4,"column":21},"end":{"line":4,"column":93}},"4":{"start":{"line":5,"column":28},"end":{"line":5,"column":30}},"5":{"start":{"line":6,"column":22},"end":{"line":6,"column":23}},"6":{"start":{"line":7,"column":26},"end":{"line":7,"column":28}},"7":{"start":{"line":8,"column":18},"end":{"line":8,"column":21}},"8":{"start":{"line":9,"column":26},"end":{"line":9,"column":30}},"9":{"start":{"line":10,"column":40},"end":{"line":10,"column":90}},"10":{"start":{"line":11,"column":21},"end":{"line":11,"column":23}},"11":{"start":{"line":12,"column":20},"end":{"line":12,"column":29}},"12":{"start":{"line":13,"column":21},"end":{"line":13,"column":24}},"13":{"start":{"line":14,"column":30},"end":{"line":14,"column":32}},"14":{"start":{"line":15,"column":26},"end":{"line":15,"column":28}},"15":{"start":{"line":16,"column":26},"end":{"line":16,"column":28}},"16":{"start":{"line":17,"column":23},"end":{"line":17,"column":96}},"17":{"start":{"line":18,"column":23},"end":{"line":18,"column":551}},"18":{"start":{"line":19,"column":21},"end":{"line":19,"column":606}},"19":{"start":{"line":20,"column":21},"end":{"line":20,"column":103}},"20":{"start":{"line":21,"column":22},"end":{"line":21,"column":25}}},"fnMap":{},"branchMap":{},"s":{"0":4,"1":4,"2":4,"3":4,"4":4,"5":4,"6":4,"7":4,"8":4,"9":4,"10":4,"11":4,"12":4,"13":4,"14":4,"15":4,"16":4,"17":4,"18":4,"19":4,"20":4},"f":{},"b":{},"meta":{"lastBranch":0,"lastFunction":0,"lastStatement":21,"seen":{"s:1:25:1:27":0,"s:2:31:2:33":1,"s:3:21:3:208":2,"s:4:21:4:93":3,"s:5:28:5:30":4,"s:6:22:6:23":5,"s:7:26:7:28":6,"s:8:18:8:21":7,"s:9:26:9:30":8,"s:10:40:10:90":9,"s:11:21:11:23":10,"s:12:20:12:29":11,"s:13:21:13:24":12,"s:14:30:14:32":13,"s:15:26:15:28":14,"s:16:26:16:28":15,"s:17:23:17:96":16,"s:18:23:18:551":17,"s:19:21:19:606":18,"s:20:21:20:103":19,"s:21:22:21:25":20},"fnNames":{}}}
,"C:\\Users\\stgadmin\\Desktop\\React\\demo-testing\\src\\mocks\\pokemon.handlers.js": {"path":"C:\\Users\\stgadmin\\Desktop\\React\\demo-testing\\src\\mocks\\pokemon.handlers.js","statementMap":{"0":{"start":{"line":4,"column":24},"end":{"line":12,"column":null}},"1":{"start":{"line":7,"column":8},"end":{"line":7,"column":null}},"2":{"start":{"line":11,"column":8},"end":{"line":11,"column":null}}},"fnMap":{"0":{"name":"(anonymous_0)","decl":{"start":{"line":5,"column":13},"end":{"line":5,"column":61}},"loc":{"start":{"line":5,"column":61},"end":{"line":8,"column":5}},"line":5},"1":{"name":"(anonymous_1)","decl":{"start":{"line":9,"column":13},"end":{"line":9,"column":61}},"loc":{"start":{"line":9,"column":61},"end":{"line":12,"column":5}},"line":9}},"branchMap":{},"s":{"0":4,"1":2,"2":1},"f":{"0":2,"1":1},"b":{},"meta":{"lastBranch":0,"lastFunction":2,"lastStatement":3,"seen":{"s:4:24:12:Infinity":0,"f:5:13:5:61":0,"s:7:8:7:Infinity":1,"f:9:13:9:61":1,"s:11:8:11:Infinity":2},"fnNames":{}}}
,"C:\\Users\\stgadmin\\Desktop\\React\\demo-testing\\src\\services\\pokemon.service.js": {"path":"C:\\Users\\stgadmin\\Desktop\\React\\demo-testing\\src\\services\\pokemon.service.js","statementMap":{"0":{"start":{"line":3,"column":16},"end":{"line":3,"column":null}},"1":{"start":{"line":4,"column":17},"end":{"line":4,"column":null}},"2":{"start":{"line":4,"column":46},"end":{"line":4,"column":56}},"3":{"start":{"line":7,"column":4},"end":{"line":15,"column":null}},"4":{"start":{"line":9,"column":38},"end":{"line":9,"column":52}},"5":{"start":{"line":10,"column":39},"end":{"line":13,"column":10}}},"fnMap":{"0":{"name":"fetchPokemon","decl":{"start":{"line":1,"column":22},"end":{"line":1,"column":35}},"loc":{"start":{"line":1,"column":43},"end":{"line":16,"column":null}},"line":1},"1":{"name":"(anonymous_1)","decl":{"start":{"line":4,"column":34},"end":{"line":4,"column":39}},"loc":{"start":{"line":4,"column":46},"end":{"line":4,"column":56}},"line":4},"2":{"name":"(anonymous_2)","decl":{"start":{"line":9,"column":26},"end":{"line":9,"column":30}},"loc":{"start":{"line":9,"column":38},"end":{"line":9,"column":52}},"line":9},"3":{"name":"(anonymous_3)","decl":{"start":{"line":10,"column":26},"end":{"line":10,"column":30}},"loc":{"start":{"line":10,"column":39},"end":{"line":13,"column":10}},"line":10}},"branchMap":{},"s":{"0":3,"1":3,"2":3,"3":3,"4":2,"5":12},"f":{"0":3,"1":3,"2":2,"3":12},"b":{},"meta":{"lastBranch":0,"lastFunction":4,"lastStatement":6,"seen":{"f:1:22:1:35":0,"s:3:16:3:Infinity":0,"s:4:17:4:Infinity":1,"f:4:34:4:39":1,"s:4:46:4:56":2,"s:7:4:15:Infinity":3,"f:9:26:9:30":2,"s:9:38:9:52":4,"f:10:26:10:30":3,"s:10:39:13:10":5},"fnNames":{}}}
,"C:\\Users\\stgadmin\\Desktop\\React\\demo-testing\\src\\tools\\date.tool.js": {"path":"C:\\Users\\stgadmin\\Desktop\\React\\demo-testing\\src\\tools\\date.tool.js","statementMap":{"0":{"start":{"line":3,"column":17},"end":{"line":3,"column":null}},"1":{"start":{"line":4,"column":4},"end":{"line":4,"column":null}},"2":{"start":{"line":5,"column":4},"end":{"line":5,"column":null}},"3":{"start":{"line":6,"column":4},"end":{"line":6,"column":null}},"4":{"start":{"line":7,"column":4},"end":{"line":7,"column":null}},"5":{"start":{"line":8,"column":4},"end":{"line":8,"column":null}},"6":{"start":{"line":13,"column":4},"end":{"line":13,"column":null}}},"fnMap":{"0":{"name":"getToday","decl":{"start":{"line":1,"column":16},"end":{"line":1,"column":27}},"loc":{"start":{"line":1,"column":27},"end":{"line":9,"column":null}},"line":1},"1":{"name":"getNow","decl":{"start":{"line":11,"column":16},"end":{"line":11,"column":25}},"loc":{"start":{"line":11,"column":25},"end":{"line":14,"column":null}},"line":11}},"branchMap":{},"s":{"0":0,"1":0,"2":0,"3":0,"4":0,"5":0,"6":0},"f":{"0":0,"1":0},"b":{},"meta":{"lastBranch":0,"lastFunction":2,"lastStatement":7,"seen":{"f:1:16:1:27":0,"s:3:17:3:Infinity":0,"s:4:4:4:Infinity":1,"s:5:4:5:Infinity":2,"s:6:4:6:Infinity":3,"s:7:4:7:Infinity":4,"s:8:4:8:Infinity":5,"f:11:16:11:25":1,"s:13:4:13:Infinity":6},"fnNames":{}}}
}
